<?xml version="1.0" encoding="UTF-8"?>
<testsuite name="Functional_test" tests="3" skipped="0" failures="0" errors="0" timestamp="2020-10-04T12:15:52" hostname="PAPILLON" time="0.009">
  <properties/>
  <testcase name="test_WriteAndCloseFile" classname="Functional_test" time="0.006"/>
  <testcase name="test_OpenAndReadFile" classname="Functional_test" time="0.001"/>
  <testcase name="test_Schitalka" classname="Functional_test" time="0.0"/>
  <system-out><![CDATA[]]></system-out>
  <system-err><![CDATA[]]></system-err>
</testsuite>
