<?xml version="1.0" encoding="UTF-8"?>
<testsuite name="Functional_test" tests="1" skipped="0" failures="0" errors="0" timestamp="2020-10-02T16:10:37" hostname="PAPILLON" time="0.015">
  <properties/>
  <testcase name="test_function" classname="Functional_test" time="0.015"/>
  <system-out><![CDATA[]]></system-out>
  <system-err><![CDATA[]]></system-err>
</testsuite>
